# JRE version: Java(TM) SE Runtime Environment (8.0_91-b14) (build 1.8.0_91-b14)
# Java VM: Java HotSpot(TM) 64-Bit Server VM (25.91-b14 mixed mode windows-amd64 compressed oops)
Heap:
 garbage-first heap   total 129024K, used 76384K [0x00000000c0000000, 0x00000000c01003f0, 0x0000000100000000)
  region size 1024K, 69 young (70656K), 8 survivors (8192K)
 Metaspace       used 27177K, capacity 28560K, committed 28800K, reserved 1075200K
  class space    used 2955K, capacity 3418K, committed 3456K, reserved 1048576K
GC Heap History (6 events):
Event: 1.267 GC heap before
{Heap before GC invocations=0 (full 0):
 garbage-first heap   total 129024K, used 24576K [0x00000000c0000000, 0x00000000c01003f0, 0x0000000100000000)
  region size 1024K, 24 young (24576K), 0 survivors (0K)
 Metaspace       used 8002K, capacity 8160K, committed 8320K, reserved 1056768K
  class space    used 839K, capacity 889K, committed 896K, reserved 1048576K
Event: 1.282 GC heap after
Heap after GC invocations=1 (full 0):
 garbage-first heap   total 129024K, used 6129K [0x00000000c0000000, 0x00000000c01003f0, 0x0000000100000000)
  region size 1024K, 3 young (3072K), 3 survivors (3072K)
 Metaspace       used 8002K, capacity 8160K, committed 8320K, reserved 1056768K
  class space    used 839K, capacity 889K, committed 896K, reserved 1048576K
}
Event: 2.103 GC heap before
{Heap before GC invocations=1 (full 0):
 garbage-first heap   total 129024K, used 35825K [0x00000000c0000000, 0x00000000c01003f0, 0x0000000100000000)
  region size 1024K, 32 young (32768K), 3 survivors (3072K)
 Metaspace       used 17254K, capacity 18116K, committed 18304K, reserved 1064960K
  class space    used 1682K, capacity 1906K, committed 1920K, reserved 1048576K
Event: 2.115 GC heap after
Heap after GC invocations=2 (full 0):
 garbage-first heap   total 129024K, used 16319K [0x00000000c0000000, 0x00000000c01003f0, 0x0000000100000000)
  region size 1024K, 4 young (4096K), 4 survivors (4096K)
 Metaspace       used 17254K, capacity 18116K, committed 18304K, reserved 1064960K
  class space    used 1682K, capacity 1906K, committed 1920K, reserved 1048576K
}
Event: 2.421 GC heap before
{Heap before GC invocations=2 (full 0):
 garbage-first heap   total 129024K, used 39871K [0x00000000c0000000, 0x00000000c01003f0, 0x0000000100000000)
  region size 1024K, 28 young (28672K), 4 survivors (4096K)
 Metaspace       used 20251K, capacity 21222K, committed 21296K, reserved 1069056K
  class space    used 2107K, capacity 2416K, committed 2432K, reserved 1048576K
Event: 2.428 GC heap after
Heap after GC invocations=3 (full 0):
 garbage-first heap   total 129024K, used 20000K [0x00000000c0000000, 0x00000000c01003f0, 0x0000000100000000)
  region size 1024K, 8 young (8192K), 8 survivors (8192K)
 Metaspace       used 20251K, capacity 21222K, committed 21296K, reserved 1069056K
  class space    used 2107K, capacity 2416K, committed 2432K, reserved 1048576K
}

