# JRE version: Java(TM) SE Runtime Environment (8.0_91-b14) (build 1.8.0_91-b14)
# Java VM: Java HotSpot(TM) 64-Bit Server VM (25.91-b14 mixed mode windows-amd64 compressed oops)
Heap:
 garbage-first heap   total 129024K, used 67584K [0x00000000c0000000, 0x00000000c01003f0, 0x0000000100000000)
  region size 1024K, 41 young (41984K), 10 survivors (10240K)
 Metaspace       used 37428K, capacity 39934K, committed 40192K, reserved 1085440K
  class space    used 4111K, capacity 4839K, committed 4864K, reserved 1048576K
GC Heap History (10 events):
Event: 0.818 GC heap before
{Heap before GC invocations=0 (full 0):
 garbage-first heap   total 129024K, used 24576K [0x00000000c0000000, 0x00000000c01003f0, 0x0000000100000000)
  region size 1024K, 24 young (24576K), 0 survivors (0K)
 Metaspace       used 8009K, capacity 8160K, committed 8320K, reserved 1056768K
  class space    used 838K, capacity 889K, committed 896K, reserved 1048576K
Event: 0.825 GC heap after
Heap after GC invocations=1 (full 0):
 garbage-first heap   total 129024K, used 6054K [0x00000000c0000000, 0x00000000c01003f0, 0x0000000100000000)
  region size 1024K, 3 young (3072K), 3 survivors (3072K)
 Metaspace       used 8009K, capacity 8160K, committed 8320K, reserved 1056768K
  class space    used 838K, capacity 889K, committed 896K, reserved 1048576K
}
Event: 1.440 GC heap before
{Heap before GC invocations=1 (full 0):
 garbage-first heap   total 129024K, used 35750K [0x00000000c0000000, 0x00000000c01003f0, 0x0000000100000000)
  region size 1024K, 32 young (32768K), 3 survivors (3072K)
 Metaspace       used 17313K, capacity 18108K, committed 18304K, reserved 1064960K
  class space    used 1689K, capacity 1904K, committed 1920K, reserved 1048576K
Event: 1.451 GC heap after
Heap after GC invocations=2 (full 0):
 garbage-first heap   total 129024K, used 16898K [0x00000000c0000000, 0x00000000c01003f0, 0x0000000100000000)
  region size 1024K, 4 young (4096K), 4 survivors (4096K)
 Metaspace       used 17313K, capacity 18108K, committed 18304K, reserved 1064960K
  class space    used 1689K, capacity 1904K, committed 1920K, reserved 1048576K
}
Event: 1.542 GC heap before
{Heap before GC invocations=2 (full 0):
 garbage-first heap   total 129024K, used 29186K [0x00000000c0000000, 0x00000000c01003f0, 0x0000000100000000)
  region size 1024K, 17 young (17408K), 4 survivors (4096K)
 Metaspace       used 19765K, capacity 21112K, committed 21248K, reserved 1069056K
  class space    used 1988K, capacity 2474K, committed 2560K, reserved 1048576K
Event: 1.547 GC heap after
Heap after GC invocations=3 (full 0):
 garbage-first heap   total 129024K, used 19857K [0x00000000c0000000, 0x00000000c01003f0, 0x0000000100000000)
  region size 1024K, 7 young (7168K), 7 survivors (7168K)
 Metaspace       used 19765K, capacity 21112K, committed 21248K, reserved 1069056K
  class space    used 1988K, capacity 2474K, committed 2560K, reserved 1048576K
}
Event: 2.075 GC heap before
{Heap before GC invocations=4 (full 0):
 garbage-first heap   total 129024K, used 84879K [0x00000000c0000000, 0x00000000c01003f0, 0x0000000100000000)
  region size 1024K, 75 young (76800K), 7 survivors (7168K)
 Metaspace       used 27884K, capacity 29516K, committed 29824K, reserved 1075200K
  class space    used 3069K, capacity 3586K, committed 3712K, reserved 1048576K
Event: 2.087 GC heap after
Heap after GC invocations=5 (full 0):
 garbage-first heap   total 129024K, used 25152K [0x00000000c0000000, 0x00000000c01003f0, 0x0000000100000000)
  region size 1024K, 10 young (10240K), 10 survivors (10240K)
 Metaspace       used 27884K, capacity 29516K, committed 29824K, reserved 1075200K
  class space    used 3069K, capacity 3586K, committed 3712K, reserved 1048576K
}
Event: 2.947 GC heap before
{Heap before GC invocations=6 (full 0):
 garbage-first heap   total 129024K, used 91712K [0x00000000c0000000, 0x00000000c01003f0, 0x0000000100000000)
  region size 1024K, 75 young (76800K), 10 survivors (10240K)
 Metaspace       used 34001K, capacity 36428K, committed 36480K, reserved 1081344K
  class space    used 3775K, capacity 4460K, committed 4480K, reserved 1048576K
Event: 2.964 GC heap after
Heap after GC invocations=7 (full 0):
 garbage-first heap   total 129024K, used 36864K [0x00000000c0000000, 0x00000000c01003f0, 0x0000000100000000)
  region size 1024K, 10 young (10240K), 10 survivors (10240K)
 Metaspace       used 34001K, capacity 36428K, committed 36480K, reserved 1081344K
  class space    used 3775K, capacity 4460K, committed 4480K, reserved 1048576K
}

