# JRE version: OpenJDK Runtime Environment (8.0_152-b06) (build 1.8.0_152-release-1136-b06)
# Java VM: OpenJDK 64-Bit Server VM (25.152-b06 mixed mode windows-amd64 compressed oops)
Heap:
 PSYoungGen      total 92160K, used 82025K [0x00000000e0000000, 0x00000000e8100000, 0x0000000100000000)
  eden space 81408K, 90% used [0x00000000e0000000,0x00000000e4805278,0x00000000e4f80000)
  from space 10752K, 76% used [0x00000000e5b80000,0x00000000e63952a8,0x00000000e6600000)
  to   space 12288K, 0% used [0x00000000e4f80000,0x00000000e4f80000,0x00000000e5b80000)
 ParOldGen       total 73728K, used 16141K [0x00000000a0000000, 0x00000000a4800000, 0x00000000e0000000)
  object space 73728K, 21% used [0x00000000a0000000,0x00000000a0fc35f8,0x00000000a4800000)
 Metaspace       used 42104K, capacity 43328K, committed 43608K, reserved 1087488K
  class space    used 5787K, capacity 6167K, committed 6272K, reserved 1048576K
GC Heap History (10 events):
Event: 2.717 GC heap before
{Heap before GC invocations=6 (full 1):
 PSYoungGen      total 70656K, used 65536K [0x00000000e0000000, 0x00000000e4a00000, 0x0000000100000000)
  eden space 65536K, 100% used [0x00000000e0000000,0x00000000e4000000,0x00000000e4000000)
  from space 5120K, 0% used [0x00000000e4500000,0x00000000e4500000,0x00000000e4a00000)
  to   space 5120K, 0% used [0x00000000e4000000,0x00000000e4000000,0x00000000e4500000)
 ParOldGen       total 73728K, used 9665K [0x00000000a0000000, 0x00000000a4800000, 0x00000000e0000000)
  object space 73728K, 13% used [0x00000000a0000000,0x00000000a09704f8,0x00000000a4800000)
 Metaspace       used 26016K, capacity 26498K, committed 26624K, reserved 1073152K
  class space    used 3558K, capacity 3715K, committed 3840K, reserved 1048576K
Event: 2.733 GC heap after
Heap after GC invocations=6 (full 1):
 PSYoungGen      total 70656K, used 5098K [0x00000000e0000000, 0x00000000e6600000, 0x0000000100000000)
  eden space 65536K, 0% used [0x00000000e0000000,0x00000000e0000000,0x00000000e4000000)
  from space 5120K, 99% used [0x00000000e4000000,0x00000000e44fa948,0x00000000e4500000)
  to   space 10752K, 0% used [0x00000000e5b80000,0x00000000e5b80000,0x00000000e6600000)
 ParOldGen       total 73728K, used 11745K [0x00000000a0000000, 0x00000000a4800000, 0x00000000e0000000)
  object space 73728K, 15% used [0x00000000a0000000,0x00000000a0b78490,0x00000000a4800000)
 Metaspace       used 26016K, capacity 26498K, committed 26624K, reserved 1073152K
  class space    used 3558K, capacity 3715K, committed 3840K, reserved 1048576K
}
Event: 3.597 GC heap before
{Heap before GC invocations=7 (full 1):
 PSYoungGen      total 70656K, used 70634K [0x00000000e0000000, 0x00000000e6600000, 0x0000000100000000)
  eden space 65536K, 100% used [0x00000000e0000000,0x00000000e4000000,0x00000000e4000000)
  from space 5120K, 99% used [0x00000000e4000000,0x00000000e44fa948,0x00000000e4500000)
  to   space 10752K, 0% used [0x00000000e5b80000,0x00000000e5b80000,0x00000000e6600000)
 ParOldGen       total 73728K, used 11745K [0x00000000a0000000, 0x00000000a4800000, 0x00000000e0000000)
  object space 73728K, 15% used [0x00000000a0000000,0x00000000a0b78490,0x00000000a4800000)
 Metaspace       used 30306K, capacity 31004K, committed 31104K, reserved 1075200K
  class space    used 4179K, capacity 4430K, committed 4480K, reserved 1048576K
Event: 3.607 GC heap after
Heap after GC invocations=7 (full 1):
 PSYoungGen      total 92160K, used 10415K [0x00000000e0000000, 0x00000000e6780000, 0x0000000100000000)
  eden space 81408K, 0% used [0x00000000e0000000,0x00000000e0000000,0x00000000e4f80000)
  from space 10752K, 96% used [0x00000000e5b80000,0x00000000e65abd68,0x00000000e6600000)
  to   space 12288K, 0% used [0x00000000e4f80000,0x00000000e4f80000,0x00000000e5b80000)
 ParOldGen       total 73728K, used 11753K [0x00000000a0000000, 0x00000000a4800000, 0x00000000e0000000)
  object space 73728K, 15% used [0x00000000a0000000,0x00000000a0b7a490,0x00000000a4800000)
 Metaspace       used 30306K, capacity 31004K, committed 31104K, reserved 1075200K
  class space    used 4179K, capacity 4430K, committed 4480K, reserved 1048576K
}
Event: 3.943 GC heap before
{Heap before GC invocations=8 (full 1):
 PSYoungGen      total 92160K, used 35517K [0x00000000e0000000, 0x00000000e6780000, 0x0000000100000000)
  eden space 81408K, 30% used [0x00000000e0000000,0x00000000e1883980,0x00000000e4f80000)
  from space 10752K, 96% used [0x00000000e5b80000,0x00000000e65abd68,0x00000000e6600000)
  to   space 12288K, 0% used [0x00000000e4f80000,0x00000000e4f80000,0x00000000e5b80000)
 ParOldGen       total 73728K, used 11753K [0x00000000a0000000, 0x00000000a4800000, 0x00000000e0000000)
  object space 73728K, 15% used [0x00000000a0000000,0x00000000a0b7a490,0x00000000a4800000)
 Metaspace       used 34670K, capacity 35288K, committed 35416K, reserved 1079296K
  class space    used 4733K, capacity 4967K, committed 4992K, reserved 1048576K
Event: 3.950 GC heap after
Heap after GC invocations=8 (full 1):
 PSYoungGen      total 93696K, used 9580K [0x00000000e0000000, 0x00000000e6780000, 0x0000000100000000)
  eden space 81408K, 0% used [0x00000000e0000000,0x00000000e0000000,0x00000000e4f80000)
  from space 12288K, 77% used [0x00000000e4f80000,0x00000000e58db1b0,0x00000000e5b80000)
  to   space 10752K, 0% used [0x00000000e5b80000,0x00000000e5b80000,0x00000000e6600000)
 ParOldGen       total 73728K, used 11761K [0x00000000a0000000, 0x00000000a4800000, 0x00000000e0000000)
  object space 73728K, 15% used [0x00000000a0000000,0x00000000a0b7c490,0x00000000a4800000)
 Metaspace       used 34670K, capacity 35288K, committed 35416K, reserved 1079296K
  class space    used 4733K, capacity 4967K, committed 4992K, reserved 1048576K
}
Event: 3.950 GC heap before
{Heap before GC invocations=9 (full 2):
 PSYoungGen      total 93696K, used 9580K [0x00000000e0000000, 0x00000000e6780000, 0x0000000100000000)
  eden space 81408K, 0% used [0x00000000e0000000,0x00000000e0000000,0x00000000e4f80000)
  from space 12288K, 77% used [0x00000000e4f80000,0x00000000e58db1b0,0x00000000e5b80000)
  to   space 10752K, 0% used [0x00000000e5b80000,0x00000000e5b80000,0x00000000e6600000)
 ParOldGen       total 73728K, used 11761K [0x00000000a0000000, 0x00000000a4800000, 0x00000000e0000000)
  object space 73728K, 15% used [0x00000000a0000000,0x00000000a0b7c490,0x00000000a4800000)
 Metaspace       used 34670K, capacity 35288K, committed 35416K, reserved 1079296K
  class space    used 4733K, capacity 4967K, committed 4992K, reserved 1048576K
Event: 3.999 GC heap after
Heap after GC invocations=9 (full 2):
 PSYoungGen      total 93696K, used 0K [0x00000000e0000000, 0x00000000e6780000, 0x0000000100000000)
  eden space 81408K, 0% used [0x00000000e0000000,0x00000000e0000000,0x00000000e4f80000)
  from space 12288K, 0% used [0x00000000e4f80000,0x00000000e4f80000,0x00000000e5b80000)
  to   space 10752K, 0% used [0x00000000e5b80000,0x00000000e5b80000,0x00000000e6600000)
 ParOldGen       total 73728K, used 16133K [0x00000000a0000000, 0x00000000a4800000, 0x00000000e0000000)
  object space 73728K, 21% used [0x00000000a0000000,0x00000000a0fc15f8,0x00000000a4800000)
 Metaspace       used 34670K, capacity 35288K, committed 35416K, reserved 1079296K
  class space    used 4733K, capacity 4967K, committed 4992K, reserved 1048576K
}
Event: 4.647 GC heap before
{Heap before GC invocations=10 (full 2):
 PSYoungGen      total 93696K, used 81408K [0x00000000e0000000, 0x00000000e6780000, 0x0000000100000000)
  eden space 81408K, 100% used [0x00000000e0000000,0x00000000e4f80000,0x00000000e4f80000)
  from space 12288K, 0% used [0x00000000e4f80000,0x00000000e4f80000,0x00000000e5b80000)
  to   space 10752K, 0% used [0x00000000e5b80000,0x00000000e5b80000,0x00000000e6600000)
 ParOldGen       total 73728K, used 16133K [0x00000000a0000000, 0x00000000a4800000, 0x00000000e0000000)
  object space 73728K, 21% used [0x00000000a0000000,0x00000000a0fc15f8,0x00000000a4800000)
 Metaspace       used 38707K, capacity 39506K, committed 39768K, reserved 1083392K
  class space    used 5227K, capacity 5484K, committed 5504K, reserved 1048576K
Event: 4.658 GC heap after
Heap after GC invocations=10 (full 2):
 PSYoungGen      total 92160K, used 8276K [0x00000000e0000000, 0x00000000e8100000, 0x0000000100000000)
  eden space 81408K, 0% used [0x00000000e0000000,0x00000000e0000000,0x00000000e4f80000)
  from space 10752K, 76% used [0x00000000e5b80000,0x00000000e63952a8,0x00000000e6600000)
  to   space 12288K, 0% used [0x00000000e4f80000,0x00000000e4f80000,0x00000000e5b80000)
 ParOldGen       total 73728K, used 16141K [0x00000000a0000000, 0x00000000a4800000, 0x00000000e0000000)
  object space 73728K, 21% used [0x00000000a0000000,0x00000000a0fc35f8,0x00000000a4800000)
 Metaspace       used 38707K, capacity 39506K, committed 39768K, reserved 1083392K
  class space    used 5227K, capacity 5484K, committed 5504K, reserved 1048576K
}

